frontend_mobile/app/build/intermediates/manifest_merge_blame_file/debug/processDebugMainManifest/manifest-merger-blame-debug-report.txt
1<?xml version="1.0" encoding="utf-8"?>
2<manifest xmlns:android="http://schemas.android.com/apk/res/android"
3    package="com.example.para_mobile"
4    android:versionCode="1"
5    android:versionName="1.0" >
6
7    <uses-sdk
8        android:minSdkVersion="26"
9        android:targetSdkVersion="35" />
10
11    <!-- Permissions -->
12    <uses-permission android:name="android.permission.INTERNET" />
12-->src\main\AndroidManifest.xml:6:5-67
12-->src\main\AndroidManifest.xml:6:22-64
13    <uses-permission android:name="android.permission.ACCESS_FINE_LOCATION" />
13-->src\main\AndroidManifest.xml:7:5-79
13-->src\main\AndroidManifest.xml:7:22-76
14    <uses-permission
14-->src\main\AndroidManifest.xml:8:5-11:40
15        android:name="android.permission.WRITE_EXTERNAL_STORAGE"
15-->src\main\AndroidManifest.xml:9:9-65
16        android:maxSdkVersion="32" />
16-->src\main\AndroidManifest.xml:10:9-35
17    <uses-permission
17-->src\main\AndroidManifest.xml:12:5-14:38
18        android:name="android.permission.READ_EXTERNAL_STORAGE"
18-->src\main\AndroidManifest.xml:13:9-64
19        android:maxSdkVersion="32" />
19-->src\main\AndroidManifest.xml:14:9-35
20    <uses-permission android:name="android.permission.ACCESS_COARSE_LOCATION" />
20-->src\main\AndroidManifest.xml:15:5-81
20-->src\main\AndroidManifest.xml:15:22-78
21    <uses-permission android:name="android.permission.ACCESS_BACKGROUND_LOCATION" />
21-->src\main\AndroidManifest.xml:16:5-85
21-->src\main\AndroidManifest.xml:16:22-82
22
23    <permission
23-->[androidx.core:core:1.16.0] AndroidManifest.xml:22:5-24:47
24        android:name="com.example.para_mobile.DYNAMIC_RECEIVER_NOT_EXPORTED_PERMISSION"
24-->[androidx.core:core:1.16.0] AndroidManifest.xml:23:9-81
25        android:protectionLevel="signature" />
25-->[androidx.core:core:1.16.0] AndroidManifest.xml:24:9-44
26
27    <uses-permission android:name="com.example.para_mobile.DYNAMIC_RECEIVER_NOT_EXPORTED_PERMISSION" />
27-->[androidx.core:core:1.16.0] AndroidManifest.xml:26:5-97
27-->[androidx.core:core:1.16.0] AndroidManifest.xml:26:22-94
28
29    <supports-screens
29-->[org.osmdroid:osmdroid-android:6.1.10] AndroidManifest.xml:11:5-14:40
30        android:anyDensity="true"
30-->[org.osmdroid:osmdroid-android:6.1.10] AndroidManifest.xml:12:9-34
31        android:largeScreens="true"
31-->[org.osmdroid:osmdroid-android:6.1.10] AndroidManifest.xml:13:9-36
32        android:normalScreens="true" />
32-->[org.osmdroid:osmdroid-android:6.1.10] AndroidManifest.xml:14:9-37
33
34    <uses-feature
34-->[org.osmdroid:osmdroid-android:6.1.10] AndroidManifest.xml:16:5-18:36
35        android:name="android.hardware.location.network"
35-->[org.osmdroid:osmdroid-android:6.1.10] AndroidManifest.xml:17:9-57
36        android:required="false" />
36-->[org.osmdroid:osmdroid-android:6.1.10] AndroidManifest.xml:18:9-33
37    <uses-feature
37-->[org.osmdroid:osmdroid-android:6.1.10] AndroidManifest.xml:19:5-21:36
38        android:name="android.hardware.location.gps"
38-->[org.osmdroid:osmdroid-android:6.1.10] AndroidManifest.xml:20:9-53
39        android:required="false" />
39-->[org.osmdroid:osmdroid-android:6.1.10] AndroidManifest.xml:21:9-33
40    <uses-feature
40-->[org.osmdroid:osmdroid-android:6.1.10] AndroidManifest.xml:22:5-24:36
41        android:name="android.hardware.telephony"
41-->[org.osmdroid:osmdroid-android:6.1.10] AndroidManifest.xml:23:9-50
42        android:required="false" />
42-->[org.osmdroid:osmdroid-android:6.1.10] AndroidManifest.xml:24:9-33
43    <uses-feature
43-->[org.osmdroid:osmdroid-android:6.1.10] AndroidManifest.xml:25:5-27:36
44        android:name="android.hardware.wifi"
44-->[org.osmdroid:osmdroid-android:6.1.10] AndroidManifest.xml:26:9-45
45        android:required="false" />
45-->[org.osmdroid:osmdroid-android:6.1.10] AndroidManifest.xml:27:9-33
46
47    <application
47-->src\main\AndroidManifest.xml:18:5-65:19
48        android:allowBackup="true"
48-->src\main\AndroidManifest.xml:19:9-35
49        android:appComponentFactory="androidx.core.app.CoreComponentFactory"
49-->[androidx.core:core:1.16.0] AndroidManifest.xml:28:18-86
50        android:dataExtractionRules="@xml/data_extraction_rules"
50-->src\main\AndroidManifest.xml:20:9-65
51        android:debuggable="true"
52        android:extractNativeLibs="false"
53        android:fullBackupContent="@xml/backup_rules"
53-->src\main\AndroidManifest.xml:21:9-54
54        android:icon="@mipmap/ic_launcher"
54-->src\main\AndroidManifest.xml:22:9-43
55        android:label="@string/app_name"
55-->src\main\AndroidManifest.xml:23:9-41
56        android:networkSecurityConfig="@xml/network_security_config"
56-->src\main\AndroidManifest.xml:24:9-69
57        android:requestLegacyExternalStorage="true"
57-->src\main\AndroidManifest.xml:29:9-52
58        android:roundIcon="@mipmap/ic_launcher_round"
58-->src\main\AndroidManifest.xml:25:9-54
59        android:supportsRtl="true"
59-->src\main\AndroidManifest.xml:26:9-35
60        android:theme="@style/Theme.PARAmobile"
60-->src\main\AndroidManifest.xml:27:9-48
61        android:usesCleartextTraffic="true" >
61-->src\main\AndroidManifest.xml:28:9-44
62
63        <!-- SplashActivity (New launcher activity) -->
64        <activity
64-->src\main\AndroidManifest.xml:33:9-41:20
65            android:name="com.example.para_mobile.activity.SplashActivity"
65-->src\main\AndroidManifest.xml:34:13-52
66            android:exported="true"
66-->src\main\AndroidManifest.xml:35:13-36
67            android:theme="@style/SplashTheme" >
67-->src\main\AndroidManifest.xml:36:13-47
68            <intent-filter>
68-->src\main\AndroidManifest.xml:37:13-40:29
69                <action android:name="android.intent.action.MAIN" />
69-->src\main\AndroidManifest.xml:38:17-69
69-->src\main\AndroidManifest.xml:38:25-66
70
71                <category android:name="android.intent.category.LAUNCHER" />
71-->src\main\AndroidManifest.xml:39:17-77
71-->src\main\AndroidManifest.xml:39:27-74
72            </intent-filter>
73        </activity>
74
75        <!-- LoginActivity (No longer the launcher) -->
76        <activity
76-->src\main\AndroidManifest.xml:45:9-50:20
77            android:name="com.example.para_mobile.activity.LoginActivity"
77-->src\main\AndroidManifest.xml:46:13-51
78            android:exported="true"
78-->src\main\AndroidManifest.xml:47:13-36
79            android:windowSoftInputMode="stateHidden|adjustResize" >
79-->src\main\AndroidManifest.xml:48:13-67
80        </activity>
81
82        <!-- MainActivity (Opened after login success) -->
83        <activity
83-->src\main\AndroidManifest.xml:53:9-55:39
84            android:name="com.example.para_mobile.activity.MainActivity"
84-->src\main\AndroidManifest.xml:54:13-50
85            android:exported="true" />
85-->src\main\AndroidManifest.xml:55:13-36
86
87        <!-- Registration Activity -->
88        <activity
88-->src\main\AndroidManifest.xml:58:9-60:40
89            android:name="com.example.para_mobile.activity.RegisterActivity"
89-->src\main\AndroidManifest.xml:59:13-54
90            android:exported="false" />
90-->src\main\AndroidManifest.xml:60:13-37
91
92        <uses-library
92-->src\main\AndroidManifest.xml:62:9-64:40
93            android:name="org.apache.http.legacy"
93-->src\main\AndroidManifest.xml:63:13-50
94            android:required="false" />
94-->src\main\AndroidManifest.xml:64:13-37
95
96        <activity
96-->[androidx.compose.ui:ui-tooling-android:1.7.0] AndroidManifest.xml:23:9-25:39
97            android:name="androidx.compose.ui.tooling.PreviewActivity"
97-->[androidx.compose.ui:ui-tooling-android:1.7.0] AndroidManifest.xml:24:13-71
98            android:exported="true" />
98-->[androidx.compose.ui:ui-tooling-android:1.7.0] AndroidManifest.xml:25:13-36
99        <activity
99-->[androidx.compose.ui:ui-test-manifest:1.7.0] AndroidManifest.xml:23:9-25:39
100            android:name="androidx.activity.ComponentActivity"
100-->[androidx.compose.ui:ui-test-manifest:1.7.0] AndroidManifest.xml:24:13-63
101            android:exported="true" />
101-->[androidx.compose.ui:ui-test-manifest:1.7.0] AndroidManifest.xml:25:13-36
102        <activity
102-->[com.google.android.gms:play-services-auth:21.3.0] AndroidManifest.xml:23:9-27:75
103            android:name="com.google.android.gms.auth.api.signin.internal.SignInHubActivity"
103-->[com.google.android.gms:play-services-auth:21.3.0] AndroidManifest.xml:24:13-93
104            android:excludeFromRecents="true"
104-->[com.google.android.gms:play-services-auth:21.3.0] AndroidManifest.xml:25:13-46
105            android:exported="false"
105-->[com.google.android.gms:play-services-auth:21.3.0] AndroidManifest.xml:26:13-37
106            android:theme="@android:style/Theme.Translucent.NoTitleBar" />
106-->[com.google.android.gms:play-services-auth:21.3.0] AndroidManifest.xml:27:13-72
107        <!--
108            Service handling Google Sign-In user revocation. For apps that do not integrate with
109            Google Sign-In, this service will never be started.
110        -->
111        <service
111-->[com.google.android.gms:play-services-auth:21.3.0] AndroidManifest.xml:33:9-37:51
112            android:name="com.google.android.gms.auth.api.signin.RevocationBoundService"
112-->[com.google.android.gms:play-services-auth:21.3.0] AndroidManifest.xml:34:13-89
113            android:exported="true"
113-->[com.google.android.gms:play-services-auth:21.3.0] AndroidManifest.xml:35:13-36
114            android:permission="com.google.android.gms.auth.api.signin.permission.REVOCATION_NOTIFICATION"
114-->[com.google.android.gms:play-services-auth:21.3.0] AndroidManifest.xml:36:13-107
115            android:visibleToInstantApps="true" />
115-->[com.google.android.gms:play-services-auth:21.3.0] AndroidManifest.xml:37:13-48
116
117        <activity
117-->[com.google.android.gms:play-services-base:18.5.0] AndroidManifest.xml:5:9-173
118            android:name="com.google.android.gms.common.api.GoogleApiActivity"
118-->[com.google.android.gms:play-services-base:18.5.0] AndroidManifest.xml:5:19-85
119            android:exported="false"
119-->[com.google.android.gms:play-services-base:18.5.0] AndroidManifest.xml:5:146-170
120            android:theme="@android:style/Theme.Translucent.NoTitleBar" />
120-->[com.google.android.gms:play-services-base:18.5.0] AndroidManifest.xml:5:86-145
121
122        <meta-data
122-->[com.google.android.gms:play-services-basement:18.4.0] AndroidManifest.xml:6:9-122
123            android:name="com.google.android.gms.version"
123-->[com.google.android.gms:play-services-basement:18.4.0] AndroidManifest.xml:6:20-65
124            android:value="@integer/google_play_services_version" />
124-->[com.google.android.gms:play-services-basement:18.4.0] AndroidManifest.xml:6:66-119
125
126        <provider
126-->[androidx.emoji2:emoji2:1.3.0] AndroidManifest.xml:24:9-32:20
127            android:name="androidx.startup.InitializationProvider"
127-->[androidx.emoji2:emoji2:1.3.0] AndroidManifest.xml:25:13-67
128            android:authorities="com.example.para_mobile.androidx-startup"
128-->[androidx.emoji2:emoji2:1.3.0] AndroidManifest.xml:26:13-68
129            android:exported="false" >
129-->[androidx.emoji2:emoji2:1.3.0] AndroidManifest.xml:27:13-37
130            <meta-data
130-->[androidx.emoji2:emoji2:1.3.0] AndroidManifest.xml:29:13-31:52
131                android:name="androidx.emoji2.text.EmojiCompatInitializer"
131-->[androidx.emoji2:emoji2:1.3.0] AndroidManifest.xml:30:17-75
132                android:value="androidx.startup" />
132-->[androidx.emoji2:emoji2:1.3.0] AndroidManifest.xml:31:17-49
133            <meta-data
133-->[io.github.jan-tennert.supabase:gotrue-kt-android-debug:1.2.0] AndroidManifest.xml:14:13-16:52
134                android:name="io.github.jan.supabase.gotrue.SupabaseInitializer"
134-->[io.github.jan-tennert.supabase:gotrue-kt-android-debug:1.2.0] AndroidManifest.xml:15:17-81
135                android:value="androidx.startup" />
135-->[io.github.jan-tennert.supabase:gotrue-kt-android-debug:1.2.0] AndroidManifest.xml:16:17-49
136            <meta-data
136-->[androidx.lifecycle:lifecycle-process:2.8.7] AndroidManifest.xml:29:13-31:52
137                android:name="androidx.lifecycle.ProcessLifecycleInitializer"
137-->[androidx.lifecycle:lifecycle-process:2.8.7] AndroidManifest.xml:30:17-78
138                android:value="androidx.startup" />
138-->[androidx.lifecycle:lifecycle-process:2.8.7] AndroidManifest.xml:31:17-49
139            <meta-data
139-->[androidx.profileinstaller:profileinstaller:1.4.0] AndroidManifest.xml:29:13-31:52
140                android:name="androidx.profileinstaller.ProfileInstallerInitializer"
140-->[androidx.profileinstaller:profileinstaller:1.4.0] AndroidManifest.xml:30:17-85
141                android:value="androidx.startup" />
141-->[androidx.profileinstaller:profileinstaller:1.4.0] AndroidManifest.xml:31:17-49
142            <meta-data
142-->[com.russhwolf:multiplatform-settings-no-arg-android-debug:1.0.0] AndroidManifest.xml:31:13-33:52
143                android:name="com.russhwolf.settings.SettingsInitializer"
143-->[com.russhwolf:multiplatform-settings-no-arg-android-debug:1.0.0] AndroidManifest.xml:32:17-74
144                android:value="androidx.startup" />
144-->[com.russhwolf:multiplatform-settings-no-arg-android-debug:1.0.0] AndroidManifest.xml:33:17-49
145        </provider>
146
147        <receiver
147-->[androidx.profileinstaller:profileinstaller:1.4.0] AndroidManifest.xml:34:9-52:20
148            android:name="androidx.profileinstaller.ProfileInstallReceiver"
148-->[androidx.profileinstaller:profileinstaller:1.4.0] AndroidManifest.xml:35:13-76
149            android:directBootAware="false"
149-->[androidx.profileinstaller:profileinstaller:1.4.0] AndroidManifest.xml:36:13-44
150            android:enabled="true"
150-->[androidx.profileinstaller:profileinstaller:1.4.0] AndroidManifest.xml:37:13-35
151            android:exported="true"
151-->[androidx.profileinstaller:profileinstaller:1.4.0] AndroidManifest.xml:38:13-36
152            android:permission="android.permission.DUMP" >
152-->[androidx.profileinstaller:profileinstaller:1.4.0] AndroidManifest.xml:39:13-57
153            <intent-filter>
153-->[androidx.profileinstaller:profileinstaller:1.4.0] AndroidManifest.xml:40:13-42:29
154                <action android:name="androidx.profileinstaller.action.INSTALL_PROFILE" />
154-->[androidx.profileinstaller:profileinstaller:1.4.0] AndroidManifest.xml:41:17-91
154-->[androidx.profileinstaller:profileinstaller:1.4.0] AndroidManifest.xml:41:25-88
155            </intent-filter>
156            <intent-filter>
156-->[androidx.profileinstaller:profileinstaller:1.4.0] AndroidManifest.xml:43:13-45:29
157                <action android:name="androidx.profileinstaller.action.SKIP_FILE" />
157-->[androidx.profileinstaller:profileinstaller:1.4.0] AndroidManifest.xml:44:17-85
157-->[androidx.profileinstaller:profileinstaller:1.4.0] AndroidManifest.xml:44:25-82
158            </intent-filter>
159            <intent-filter>
159-->[androidx.profileinstaller:profileinstaller:1.4.0] AndroidManifest.xml:46:13-48:29
160                <action android:name="androidx.profileinstaller.action.SAVE_PROFILE" />
160-->[androidx.profileinstaller:profileinstaller:1.4.0] AndroidManifest.xml:47:17-88
160-->[androidx.profileinstaller:profileinstaller:1.4.0] AndroidManifest.xml:47:25-85
161            </intent-filter>
162            <intent-filter>
162-->[androidx.profileinstaller:profileinstaller:1.4.0] AndroidManifest.xml:49:13-51:29
163                <action android:name="androidx.profileinstaller.action.BENCHMARK_OPERATION" />
163-->[androidx.profileinstaller:profileinstaller:1.4.0] AndroidManifest.xml:50:17-95
163-->[androidx.profileinstaller:profileinstaller:1.4.0] AndroidManifest.xml:50:25-92
164            </intent-filter>
165        </receiver>
166    </application>
167
168</manifest>